<?xml version="1.0" encoding="UTF-8"?>
<!-- Generated by org.testng.reporters.JUnitReportReporter -->
<testsuite hostname="ANOOS" failures="0" tests="3" name="sauceDemo.loginPage" time="6.879" errors="0" timestamp="2024-07-10T16:30:28 EEST" skipped="0">
  <testcase classname="sauceDemo.loginPage" name="check_of_loginpage_Attributes" time="1.787"/>
  <testcase classname="sauceDemo.loginPage" name="empty_Credentials_Login" time="1.906"/>
  <testcase classname="sauceDemo.loginPage" name="empty_Credentials_Login" time="3.186"/>
</testsuite> <!-- sauceDemo.loginPage -->
